Start testing: May 05 14:04 UTC
----------------------------------------------------------
8/12 Testing: micm_fortran_api
8/12 Test: micm_fortran_api
Command: "/home/runner/work/musica/musica/build_test/test_micm_fortran_api"
Directory: /home/runner/work/musica/musica/build_test
"micm_fortran_api" start time: May 05 14:04 UTC
Output:
----------------------------------------------------------
 Starting tests...
 Testing MICM Fortran API...
 [test micm fort api] Creating MICM solver...
 Creating State...
 [test micm fort api] MICM version 3.12.0
 Species Name:O3, Index:           4
 Species Name:O2, Index:           3
 Species Name:O, Index:           2
 Species Name:O1D, Index:           1
 User Defined Reaction Rate Name:PHOTO.jO3->O1D, Index:           3
 User Defined Reaction Rate Name:PHOTO.jO3->O, Index:           2
 User Defined Reaction Rate Name:PHOTO.jO2, Index:           1
 [test micm fort api] Initial concentrations   0.0000000000000000        0.0000000000000000       0.75000000000000000        8.0999998317565769E-006
 [test micm fort api] Solving starts...
 [test micm fort api] After solving, concentrations:    2.4551806742081842E-022   1.3222778743481241E-014  0.75000000000007383        8.0999997779022221E-006
 [test micm fort api] Solver state: Converged
 [test micm fort api] Function calls:                    18
 [test micm fort api] Jacobian updates:                     9
 [test micm fort api] Number of steps:                     9
 [test micm fort api] Accepted:                     9
 [test micm fort api] Rejected:                     0
 [test micm fort api] Decompositions:                     9
 [test micm fort api] Solves:                    27
 [test micm fort api] Final time:    200.00000000000000     
 [test micm fort api] Finished.
 Testing multiple grid cell solvers with standard Rosenbrock method...
 [test micm fort api] Testing solver with            1  grid cells...
 [test micm fort api] Testing solver with            6  grid cells...
 [test micm fort api] Testing solver with           11  grid cells...
 [test micm fort api] Testing solver with           16  grid cells...
 Testing multiple grid cell solvers with standard Backward Euler method...
 [test micm fort api] Testing solver with            1  grid cells...
 [test micm fort api] Testing solver with            6  grid cells...
 [test micm fort api] Testing solver with           11  grid cells...
 [test micm fort api] Testing solver with           16  grid cells...
 Testing parser...
 [test micm fort api] Creating MICM solver...
 Creating State...
 [test micm fort api] MICM version 3.12.0
 Species Name:O, Index:           5
 Species Name:O3, Index:           4
 Species Name:O2, Index:           3
 Species Name:O1D, Index:           2
 Species Name:N2, Index:           1
 User Defined Reaction Rate Name:PHOTO.jo3_a, Index:           3
 User Defined Reaction Rate Name:PHOTO.jo3_b, Index:           2
 User Defined Reaction Rate Name:PHOTO.jo2_b, Index:           1
 [test micm fort api] Initial concentrations   0.0000000000000000        0.0000000000000000       0.75000000000000000        8.0999998317565769E-006   0.0000000000000000     
 [test micm fort api] Solving starts...
 [test micm fort api] After solving, concentrations:    0.0000000000000000        1.4766480588911132E-020  0.75000000000000000        8.0999998318369840E-006   5.7817822831936390E-019
 [test micm fort api] Solver state: Converged
 [test micm fort api] Function calls:                    18
 [test micm fort api] Jacobian updates:                     9
 [test micm fort api] Number of steps:                     9
 [test micm fort api] Accepted:                     9
 [test micm fort api] Rejected:                     0
 [test micm fort api] Decompositions:                     9
 [test micm fort api] Solves:                    27
 [test micm fort api] Final time:    200.00000000000000     
 [test micm fort api] Finished.
 Testing multiple grid cell solvers with vectorized Rosenbrock method...
 [test micm fort api] Testing solver with            1  grid cells...
 [test micm fort api] Testing solver with            2  grid cells...
 [test micm fort api] Testing solver with            3  grid cells...
 [test micm fort api] Testing solver with            4  grid cells...
 [test micm fort api] Testing solver with            5  grid cells...
 [test micm fort api] Testing solver with            6  grid cells...
 [test micm fort api] Testing solver with            7  grid cells...
 [test micm fort api] Testing solver with            8  grid cells...
 [test micm fort api] Testing solver with            9  grid cells...
 [test micm fort api] Testing solver with           10  grid cells...
 [test micm fort api] Testing solver with           11  grid cells...
 [test micm fort api] Testing solver with           12  grid cells...
 Testing multiple grid cell solvers with vectorized Backward Euler method...
 [test micm fort api] Testing solver with            1  grid cells...
 [test micm fort api] Testing solver with            2  grid cells...
 [test micm fort api] Testing solver with            3  grid cells...
 [test micm fort api] Testing solver with            4  grid cells...
 [test micm fort api] Testing solver with            5  grid cells...
 [test micm fort api] Testing solver with            6  grid cells...
 [test micm fort api] Testing solver with            7  grid cells...
 [test micm fort api] Testing solver with            8  grid cells...
 [test micm fort api] Testing solver with            9  grid cells...
 [test micm fort api] Testing solver with           10  grid cells...
 [test micm fort api] Testing solver with           11  grid cells...
 [test micm fort api] Testing solver with           12  grid cells...
 Testing multiple grid cell solvers with CUDA Rosenbrock method...
 CUDA is not available, skipping test.
 Testing solver parameters...
 [test solver params] Testing Rosenbrock solver parameters...
 [test solver params] Testing Backward Euler solver parameters...
 [test solver params] Finished.
<end of output>
Test time =   0.01 sec
----------------------------------------------------------
Test Passed.
"micm_fortran_api" end time: May 05 14:04 UTC
"micm_fortran_api" time elapsed: 00:00:00
----------------------------------------------------------

9/12 Testing: micm_box_model
9/12 Test: micm_box_model
Command: "/home/runner/work/musica/musica/build_test/test_micm_box_model"
Directory: /home/runner/work/musica/musica/build_test
"micm_box_model" start time: May 05 14:04 UTC
Output:
----------------------------------------------------------
 Creating MICM solver...
 Creating State...
 Species Name:F, Index:           6
 Species Name:E, Index:           4
 Species Name:B, Index:           2
 Species Name:C, Index:           5
 Species Name:D, Index:           3
 Species Name:A, Index:           1
 Solving starts...
 After solving, concentrations  0.38236190559841177        1.4676816812469133       0.81872971333200961       0.81872971333200961        1.1499564131546753        1.3625405733359808     
 Creating MICM solver...
 Creating State...
 Species Name:F, Index:           6
 Species Name:E, Index:           4
 Species Name:B, Index:           2
 Species Name:C, Index:           5
 Species Name:D, Index:           3
 Species Name:A, Index:           1
 Solving starts...
 After solving, concentrations  0.38236190559841177        1.4676816812469133       0.81872971333200961       0.81872971333200961        1.1499564131546753        1.3625405733359808     
<end of output>
Test time =   0.00 sec
----------------------------------------------------------
Test Passed.
"micm_box_model" end time: May 05 14:04 UTC
"micm_box_model" time elapsed: 00:00:00
----------------------------------------------------------

10/12 Testing: micm_multiple_grid_cells
10/12 Test: micm_multiple_grid_cells
Command: "/home/runner/work/musica/musica/build_test/test_micm_multiple_grid_cells"
Directory: /home/runner/work/musica/musica/build_test
"micm_multiple_grid_cells" start time: May 05 14:04 UTC
Output:
----------------------------------------------------------
 Creating MICM solver with           3 grid cells...
 Creating State for multiple grid cells...
 Species in the mechanism:
 Species Name:F, Index:           6
 Species Name:E, Index:           4
 Species Name:B, Index:           2
 Species Name:C, Index:           5
 Species Name:D, Index:           3
 Species Name:A, Index:           1
 
 Initial concentrations by grid cell:
Grid Cell 1 (T= 273.0K):
     1.000     1.000     1.000     1.000     1.000     1.000 
Grid Cell 2 (T= 283.0K):
     2.000     2.000     2.000     2.000     2.000     2.000 
Grid Cell 3 (T= 293.0K):
     0.500     0.500     0.500     0.500     0.500     0.500 
 
 Solving for all grid cells simultaneously...
 
 Final concentrations by grid cell:
Grid Cell 1 (T= 273.0K):
     0.382     1.468     0.819     0.819     1.150     1.363 
Grid Cell 2 (T= 283.0K):
     0.770     2.953     1.637     1.637     2.277     2.725 
Grid Cell 3 (T= 293.0K):
     0.193     0.742     0.409     0.409     0.564     0.681 
 
 Solver completed successfully for all           3 grid cells!
<end of output>
Test time =   0.00 sec
----------------------------------------------------------
Test Passed.
"micm_multiple_grid_cells" end time: May 05 14:04 UTC
"micm_multiple_grid_cells" time elapsed: 00:00:00
----------------------------------------------------------

11/12 Testing: demo_fortran
11/12 Test: demo_fortran
Command: "/home/runner/work/musica/musica/build_test/test_demo_fortran"
Directory: /home/runner/work/musica/musica/build_test
"demo_fortran" start time: May 05 14:04 UTC
Output:
----------------------------------------------------------
 MUSICA version: 0.15.0
 MICM version 3.12.0
<end of output>
Test time =   0.00 sec
----------------------------------------------------------
Test Passed.
"demo_fortran" end time: May 05 14:04 UTC
"demo_fortran" time elapsed: 00:00:00
----------------------------------------------------------

End testing: May 05 14:04 UTC
